0 info it worked if it ends with ok
1 verbose cli [ '/usr/local/bin/node',
1 verbose cli   '/usr/local/bin/npm',
1 verbose cli   'i',
1 verbose cli   '@angular/forms',
1 verbose cli   '--save' ]
2 info using npm@2.14.4
3 info using node@v4.1.2
4 verbose install initial load of /Users/reactivestudio/Downloads/taxi/package.json
5 warn package.json taxi@ No repository field.
6 warn package.json taxi@ No README data
7 warn package.json taxi@ No license field.
8 verbose installManyTop reading scoped package data from /Users/reactivestudio/Downloads/taxi/node_modules/angular-form/package.json
9 verbose installManyTop reading scoped package data from /Users/reactivestudio/Downloads/taxi/node_modules/del/package.json
10 verbose installManyTop reading scoped package data from /Users/reactivestudio/Downloads/taxi/node_modules/es6-shim/package.json
11 verbose installManyTop reading scoped package data from /Users/reactivestudio/Downloads/taxi/node_modules/gulp/package.json
12 verbose installManyTop reading scoped package data from /Users/reactivestudio/Downloads/taxi/node_modules/gulp-watch/package.json
13 verbose installManyTop reading scoped package data from /Users/reactivestudio/Downloads/taxi/node_modules/ionic-angular/package.json
14 verbose installManyTop reading scoped package data from /Users/reactivestudio/Downloads/taxi/node_modules/ionic-gulp-browserify-typescript/package.json
15 verbose installManyTop reading scoped package data from /Users/reactivestudio/Downloads/taxi/node_modules/ionic-gulp-fonts-copy/package.json
16 verbose installManyTop reading scoped package data from /Users/reactivestudio/Downloads/taxi/node_modules/ionic-gulp-html-copy/package.json
17 verbose installManyTop reading scoped package data from /Users/reactivestudio/Downloads/taxi/node_modules/ionic-gulp-sass-build/package.json
18 verbose installManyTop reading scoped package data from /Users/reactivestudio/Downloads/taxi/node_modules/ionic-gulp-scripts-copy/package.json
19 verbose installManyTop reading scoped package data from /Users/reactivestudio/Downloads/taxi/node_modules/ionic-gulp-tslint/package.json
20 verbose installManyTop reading scoped package data from /Users/reactivestudio/Downloads/taxi/node_modules/ionic-native/package.json
21 verbose installManyTop reading scoped package data from /Users/reactivestudio/Downloads/taxi/node_modules/ionicons/package.json
22 verbose installManyTop reading scoped package data from /Users/reactivestudio/Downloads/taxi/node_modules/leaflet/package.json
23 verbose installManyTop reading scoped package data from /Users/reactivestudio/Downloads/taxi/node_modules/lodash/package.json
24 verbose installManyTop reading scoped package data from /Users/reactivestudio/Downloads/taxi/node_modules/moment/package.json
25 verbose installManyTop reading scoped package data from /Users/reactivestudio/Downloads/taxi/node_modules/ng2-select/package.json
26 verbose installManyTop reading scoped package data from /Users/reactivestudio/Downloads/taxi/node_modules/polyline/package.json
27 verbose installManyTop reading scoped package data from /Users/reactivestudio/Downloads/taxi/node_modules/reflect-metadata/package.json
28 verbose installManyTop reading scoped package data from /Users/reactivestudio/Downloads/taxi/node_modules/run-sequence/package.json
29 verbose installManyTop reading scoped package data from /Users/reactivestudio/Downloads/taxi/node_modules/rxjs/package.json
30 verbose installManyTop reading scoped package data from /Users/reactivestudio/Downloads/taxi/node_modules/tslint-ionic-rules/package.json
31 verbose installManyTop reading scoped package data from /Users/reactivestudio/Downloads/taxi/node_modules/underscore/package.json
32 verbose installManyTop reading scoped package data from /Users/reactivestudio/Downloads/taxi/node_modules/zone.js/package.json
33 verbose installManyTop reading scoped package data from /Users/reactivestudio/Downloads/taxi/node_modules/@angular/common/package.json
34 verbose installManyTop reading scoped package data from /Users/reactivestudio/Downloads/taxi/node_modules/@angular/compiler/package.json
35 verbose installManyTop reading scoped package data from /Users/reactivestudio/Downloads/taxi/node_modules/@angular/core/package.json
36 verbose installManyTop reading scoped package data from /Users/reactivestudio/Downloads/taxi/node_modules/@angular/http/package.json
37 verbose installManyTop reading scoped package data from /Users/reactivestudio/Downloads/taxi/node_modules/@angular/platform-browser/package.json
38 verbose installManyTop reading scoped package data from /Users/reactivestudio/Downloads/taxi/node_modules/@angular/platform-browser-dynamic/package.json
39 info package.json @angular/common@2.0.0-rc.4 No description
40 info package.json @angular/compiler@2.0.0-rc.4 No description
41 info package.json @angular/platform-browser@2.0.0-rc.4 No description
42 info package.json @angular/core@2.0.0-rc.4 No description
43 info package.json @angular/http@2.0.0-rc.4 No description
44 info package.json @angular/platform-browser-dynamic@2.0.0-rc.4 No description
45 info package.json ionic-gulp-fonts-copy@1.0.0 No repository field.
46 info package.json ionic-gulp-fonts-copy@1.0.0 No license field.
47 info package.json leaflet@0.7.7 No license field.
48 info package.json polyline@0.2.0 No license field.
49 verbose readDependencies loading dependencies from /Users/reactivestudio/Downloads/taxi/package.json
50 silly cache add args [ '@angular/forms', null ]
51 verbose cache add spec @angular/forms
52 silly cache add parsed spec Result {
52 silly cache add   raw: '@angular/forms',
52 silly cache add   scope: '@angular',
52 silly cache add   name: '@angular/forms',
52 silly cache add   rawSpec: '',
52 silly cache add   spec: '*',
52 silly cache add   type: 'range' }
53 silly addNamed @angular/forms@*
54 verbose addNamed "*" is a valid semver range for @angular/forms
55 silly addNameRange { name: '@angular/forms', range: '*', hasData: false }
56 silly mapToRegistry name @angular/forms
57 silly mapToRegistry scope (from package name) @angular
58 verbose mapToRegistry no registry URL found in name for scope @angular
59 silly mapToRegistry using default registry
60 silly mapToRegistry registry https://registry.npmjs.org/
61 silly mapToRegistry uri https://registry.npmjs.org/@angular%2fforms
62 verbose addNameRange registry:https://registry.npmjs.org/@angular%2fforms not in flight; fetching
63 verbose request uri https://registry.npmjs.org/@angular%2fforms
64 verbose request no auth needed
65 info attempt registry request try #1 at 5:04:22 PM
66 verbose request id dc458725c68f6e3f
67 verbose etag "2AN6GSA2LMLO7Z1THW5EOEFIR"
68 http request GET https://registry.npmjs.org/@angular%2fforms
69 http 304 https://registry.npmjs.org/@angular%2fforms
70 silly get cb [ 304,
70 silly get   { date: 'Wed, 31 Aug 2016 14:04:19 GMT',
70 silly get     via: '1.1 varnish',
70 silly get     'cache-control': 'max-age=0',
70 silly get     etag: '"2AN6GSA2LMLO7Z1THW5EOEFIR"',
70 silly get     age: '0',
70 silly get     connection: 'keep-alive',
70 silly get     'x-served-by': 'cache-fra1228-FRA',
70 silly get     'x-cache': 'MISS',
70 silly get     'x-cache-hits': '0',
70 silly get     'x-timer': 'S1472652259.789676,VS0,VE797',
70 silly get     vary: 'Accept-Encoding' } ]
71 verbose etag https://registry.npmjs.org/@angular%2fforms from cache
72 verbose get saving @angular/forms to /Users/reactivestudio/.npm/registry.npmjs.org/_40angular_252fforms/.cache.json
73 silly addNameRange number 2 { name: '@angular/forms', range: '*', hasData: true }
74 silly addNameRange versions [ '@angular/forms', [ '0.1.0', '0.1.1', '0.2.0', '0.3.0' ] ]
75 silly addNamed @angular/forms@0.3.0
76 verbose addNamed "0.3.0" is a plain semver version for @angular/forms
77 silly cache afterAdd @angular/forms@0.3.0
78 verbose afterAdd /Users/reactivestudio/.npm/@angular/forms/0.3.0/package/package.json not in flight; writing
79 verbose afterAdd /Users/reactivestudio/.npm/@angular/forms/0.3.0/package/package.json written
80 silly install resolved [ { name: '@angular/forms',
80 silly install resolved     version: '0.3.0',
80 silly install resolved     description: '',
80 silly install resolved     main: 'index.js',
80 silly install resolved     'jsnext:main': 'esm/index.js',
80 silly install resolved     typings: 'index.d.ts',
80 silly install resolved     author: { name: 'angular' },
80 silly install resolved     license: 'MIT',
80 silly install resolved     peerDependencies:
80 silly install resolved      { '@angular/core': '^2.0.0-rc.5',
80 silly install resolved        '@angular/common': '^2.0.0-rc.5',
80 silly install resolved        '@angular/compiler': '^2.0.0-rc.5' },
80 silly install resolved     repository:
80 silly install resolved      { type: 'git',
80 silly install resolved        url: 'git+https://github.com/angular/angular.git' },
80 silly install resolved     bugs: { url: 'https://github.com/angular/angular/issues' },
80 silly install resolved     homepage: 'https://github.com/angular/angular#readme',
80 silly install resolved     _id: '@angular/forms@0.3.0',
80 silly install resolved     scripts: {},
80 silly install resolved     _shasum: 'd76218bb22b74d5ac3878915d377de0487c34069',
80 silly install resolved     _from: '@angular/forms@*',
80 silly install resolved     _resolved: 'https://registry.npmjs.org/@angular/forms/-/forms-0.3.0.tgz',
80 silly install resolved     _npmVersion: '3.9.2',
80 silly install resolved     _nodeVersion: '5.4.1',
80 silly install resolved     _npmUser: { name: 'angular', email: 'angular-core+npm@google.com' },
80 silly install resolved     dist:
80 silly install resolved      { shasum: 'd76218bb22b74d5ac3878915d377de0487c34069',
80 silly install resolved        tarball: 'https://registry.npmjs.org/@angular/forms/-/forms-0.3.0.tgz' },
80 silly install resolved     maintainers: [ [Object] ],
80 silly install resolved     _npmOperationalInternal:
80 silly install resolved      { host: 'packages-16-east.internal.npmjs.com',
80 silly install resolved        tmp: 'tmp/forms-0.3.0.tgz_1470759636977_0.27336693881079555' },
80 silly install resolved     directories: {},
80 silly install resolved     readme: 'ERROR: No README data found!' } ]
81 info install @angular/forms@0.3.0 into /Users/reactivestudio/Downloads/taxi
82 info installOne @angular/forms@0.3.0
83 verbose installOne of @angular/forms to /Users/reactivestudio/Downloads/taxi not in flight; installing
84 verbose lock using /Users/reactivestudio/.npm/_locks/angular-forms-ff509615af0e8d43.lock for /Users/reactivestudio/Downloads/taxi/node_modules/@angular/forms
85 silly install write writing @angular/forms 0.3.0 to /Users/reactivestudio/Downloads/taxi/node_modules/@angular/forms
86 verbose unbuild node_modules/@angular/forms
87 silly gentlyRm /Users/reactivestudio/Downloads/taxi/node_modules/@angular/forms is being purged from base /Users/reactivestudio/Downloads/taxi
88 verbose gentlyRm don't care about contents; nuking /Users/reactivestudio/Downloads/taxi/node_modules/@angular/forms
89 verbose tar unpack /Users/reactivestudio/.npm/@angular/forms/0.3.0/package.tgz
90 verbose tar unpacking to /Users/reactivestudio/Downloads/taxi/node_modules/@angular/forms
91 silly gentlyRm /Users/reactivestudio/Downloads/taxi/node_modules/@angular/forms is being purged
92 verbose gentlyRm don't care about contents; nuking /Users/reactivestudio/Downloads/taxi/node_modules/@angular/forms
93 silly gunzTarPerm modes [ '755', '644' ]
94 silly gunzTarPerm extractEntry package.json
95 silly gunzTarPerm extractEntry index.js
96 silly gunzTarPerm extractEntry bundles/forms.umd.js
97 silly gunzTarPerm extractEntry bundles/forms.umd.min.js
98 silly gunzTarPerm extractEntry esm/index.js
99 silly gunzTarPerm extractEntry esm/index.d.ts
100 silly gunzTarPerm extractEntry esm/index.js.map
101 silly gunzTarPerm extractEntry esm/index.metadata.json
102 silly gunzTarPerm extractEntry esm/src/directives.js
103 silly gunzTarPerm extractEntry esm/src/form_builder.js
104 silly gunzTarPerm extractEntry esm/src/form_providers.js
105 silly gunzTarPerm extractEntry esm/src/forms.js
106 silly gunzTarPerm extractEntry esm/src/model.js
107 silly gunzTarPerm extractEntry esm/src/validators.js
108 silly gunzTarPerm extractEntry esm/src/form_providers.metadata.json
109 silly gunzTarPerm extractEntry esm/src/directives/ng_model.js
110 silly gunzTarPerm extractEntry esm/src/directives/form_interface.js
111 silly gunzTarPerm extractEntry esm/src/directives/ng_control.js
112 silly gunzTarPerm extractEntry esm/src/directives/ng_control_status.js
113 silly gunzTarPerm extractEntry esm/src/directives/ng_form.js
114 silly gunzTarPerm extractEntry esm/src/directives/error_examples.js
115 silly gunzTarPerm extractEntry esm/src/directives/ng_model_group.js
116 silly gunzTarPerm extractEntry esm/src/directives/normalize_validator.js
117 silly gunzTarPerm extractEntry esm/src/directives/number_value_accessor.js
118 silly gunzTarPerm extractEntry esm/src/directives/radio_control_value_accessor.js
119 silly gunzTarPerm extractEntry esm/src/directives/reactive_errors.js
120 silly gunzTarPerm extractEntry esm/src/directives/default_value_accessor.js
121 silly gunzTarPerm extractEntry esm/src/directives/select_control_value_accessor.js
122 silly gunzTarPerm extractEntry esm/src/directives/control_value_accessor.js
123 silly gunzTarPerm extractEntry esm/src/directives/select_multiple_control_value_accessor.js
124 silly gunzTarPerm extractEntry esm/src/directives/control_container.js
125 silly gunzTarPerm extractEntry esm/src/directives/shared.js
126 silly gunzTarPerm extractEntry esm/src/directives/checkbox_value_accessor.js
127 silly gunzTarPerm extractEntry esm/src/directives/template_driven_errors.js
128 silly gunzTarPerm extractEntry esm/src/directives/abstract_form_group_directive.js
129 silly gunzTarPerm extractEntry esm/src/directives/validators.js
130 silly gunzTarPerm extractEntry esm/src/directives/abstract_control_directive.js
131 silly gunzTarPerm extractEntry esm/src/directives/checkbox_value_accessor.d.ts
132 silly gunzTarPerm extractEntry esm/src/directives/error_examples.js.map
133 silly gunzTarPerm extractEntry esm/src/directives/error_examples.metadata.json
134 silly gunzTarPerm extractEntry esm/src/directives/form_interface.d.ts
135 silly gunzTarPerm extractEntry esm/src/directives/abstract_control_directive.js.map
136 silly gunzTarPerm extractEntry esm/src/directives/form_interface.js.map
137 silly gunzTarPerm extractEntry esm/src/directives/ng_control.d.ts
138 silly gunzTarPerm extractEntry esm/src/directives/checkbox_value_accessor.js.map
139 silly gunzTarPerm extractEntry esm/src/directives/ng_control.js.map
140 silly gunzTarPerm extractEntry esm/src/directives/ng_control_status.d.ts
141 silly gunzTarPerm extractEntry esm/src/directives/checkbox_value_accessor.metadata.json
142 silly gunzTarPerm extractEntry esm/src/directives/ng_control_status.js.map
143 silly gunzTarPerm extractEntry esm/src/directives/ng_control_status.metadata.json
144 silly gunzTarPerm extractEntry esm/src/directives/ng_form.d.ts
145 silly gunzTarPerm extractEntry esm/src/directives/control_container.d.ts
146 silly gunzTarPerm extractEntry esm/src/directives/ng_form.js.map
147 silly gunzTarPerm extractEntry esm/src/directives/ng_form.metadata.json
148 silly gunzTarPerm extractEntry esm/src/directives/ng_model.d.ts
149 silly gunzTarPerm extractEntry esm/src/directives/abstract_form_group_directive.d.ts
150 silly gunzTarPerm extractEntry esm/src/directives/ng_model.js.map
151 silly gunzTarPerm extractEntry esm/src/directives/ng_model.metadata.json
152 silly gunzTarPerm extractEntry esm/src/directives/ng_model_group.d.ts
153 silly gunzTarPerm extractEntry esm/src/directives/control_container.js.map
154 silly gunzTarPerm extractEntry esm/src/directives/ng_model_group.js.map
155 silly gunzTarPerm extractEntry esm/src/directives/ng_model_group.metadata.json
156 silly gunzTarPerm extractEntry esm/src/directives/normalize_validator.d.ts
157 silly gunzTarPerm extractEntry esm/src/directives/control_value_accessor.d.ts
158 silly gunzTarPerm extractEntry esm/src/directives/normalize_validator.js.map
159 silly gunzTarPerm extractEntry esm/src/directives/number_value_accessor.d.ts
160 silly gunzTarPerm extractEntry esm/src/directives/abstract_control_directive.d.ts
161 silly gunzTarPerm extractEntry esm/src/directives/number_value_accessor.js.map
162 silly gunzTarPerm extractEntry esm/src/directives/number_value_accessor.metadata.json
163 silly gunzTarPerm extractEntry esm/src/directives/radio_control_value_accessor.d.ts
164 silly gunzTarPerm extractEntry esm/src/directives/control_value_accessor.js.map
165 silly gunzTarPerm extractEntry esm/src/directives/radio_control_value_accessor.js.map
166 silly gunzTarPerm extractEntry esm/src/directives/radio_control_value_accessor.metadata.json
167 silly gunzTarPerm extractEntry esm/src/directives/reactive_directives/form_control_name.js
168 silly gunzTarPerm extractEntry esm/src/directives/reactive_directives/form_control_directive.js
169 silly gunzTarPerm extractEntry esm/src/directives/reactive_directives/form_group_directive.js
170 silly gunzTarPerm extractEntry esm/src/directives/reactive_directives/form_group_name.js
171 silly gunzTarPerm extractEntry esm/src/directives/reactive_directives/form_group_directive.d.ts
172 silly gunzTarPerm extractEntry esm/src/directives/reactive_directives/form_control_directive.d.ts
173 silly gunzTarPerm extractEntry esm/src/directives/reactive_directives/form_control_name.js.map
174 silly gunzTarPerm extractEntry esm/src/directives/reactive_directives/form_control_name.metadata.json
175 silly gunzTarPerm extractEntry esm/src/directives/reactive_directives/form_control_directive.js.map
176 silly gunzTarPerm extractEntry esm/src/directives/reactive_directives/form_control_directive.metadata.json
177 silly gunzTarPerm extractEntry esm/src/directives/reactive_directives/form_group_directive.js.map
178 silly gunzTarPerm extractEntry esm/src/directives/reactive_directives/form_group_directive.metadata.json
179 silly gunzTarPerm extractEntry esm/src/directives/reactive_directives/form_group_name.d.ts
180 silly gunzTarPerm extractEntry esm/src/directives/reactive_directives/form_control_name.d.ts
181 silly gunzTarPerm extractEntry esm/src/directives/reactive_directives/form_group_name.js.map
182 silly gunzTarPerm extractEntry esm/src/directives/reactive_directives/form_group_name.metadata.json
183 silly gunzTarPerm extractEntry esm/src/directives/reactive_errors.d.ts
184 silly gunzTarPerm extractEntry esm/src/directives/control_value_accessor.metadata.json
185 silly gunzTarPerm extractEntry esm/src/directives/reactive_errors.js.map
186 silly gunzTarPerm extractEntry esm/src/directives/select_control_value_accessor.d.ts
187 silly gunzTarPerm extractEntry esm/src/directives/default_value_accessor.d.ts
188 silly gunzTarPerm extractEntry esm/src/directives/select_control_value_accessor.js.map
189 silly gunzTarPerm extractEntry esm/src/directives/select_control_value_accessor.metadata.json
190 silly gunzTarPerm extractEntry esm/src/directives/select_multiple_control_value_accessor.d.ts
191 silly gunzTarPerm extractEntry esm/src/directives/abstract_form_group_directive.js.map
192 silly gunzTarPerm extractEntry esm/src/directives/select_multiple_control_value_accessor.js.map
193 silly gunzTarPerm extractEntry esm/src/directives/select_multiple_control_value_accessor.metadata.json
194 silly gunzTarPerm extractEntry esm/src/directives/shared.d.ts
195 silly gunzTarPerm extractEntry esm/src/directives/default_value_accessor.js.map
196 silly gunzTarPerm extractEntry esm/src/directives/shared.js.map
197 silly gunzTarPerm extractEntry esm/src/directives/shared.metadata.json
198 silly gunzTarPerm extractEntry esm/src/directives/template_driven_errors.d.ts
199 silly gunzTarPerm extractEntry esm/src/directives/default_value_accessor.metadata.json
200 silly gunzTarPerm extractEntry esm/src/directives/template_driven_errors.js.map
201 silly gunzTarPerm extractEntry esm/src/directives/validators.d.ts
202 silly gunzTarPerm extractEntry esm/src/directives/error_examples.d.ts
203 silly gunzTarPerm extractEntry esm/src/directives/validators.js.map
204 silly gunzTarPerm extractEntry esm/src/directives/validators.metadata.json
205 silly gunzTarPerm extractEntry esm/src/form_builder.js.map
206 silly gunzTarPerm extractEntry esm/src/form_builder.metadata.json
207 silly gunzTarPerm extractEntry esm/src/form_providers.d.ts
208 silly gunzTarPerm extractEntry esm/src/directives.js.map
209 silly gunzTarPerm extractEntry esm/src/form_providers.js.map
210 silly gunzTarPerm extractEntry esm/src/directives.d.ts
211 silly gunzTarPerm extractEntry esm/src/forms.d.ts
212 silly gunzTarPerm extractEntry esm/src/directives.metadata.json
213 silly gunzTarPerm extractEntry esm/src/forms.js.map
214 silly gunzTarPerm extractEntry esm/src/forms.metadata.json
215 silly gunzTarPerm extractEntry esm/src/model.d.ts
216 silly gunzTarPerm extractEntry esm/src/facade/base_wrapped_exception.js
217 silly gunzTarPerm extractEntry esm/src/facade/collection.js
218 silly gunzTarPerm extractEntry esm/src/facade/async.js
219 silly gunzTarPerm extractEntry esm/src/facade/exception_handler.js
220 silly gunzTarPerm extractEntry esm/src/facade/exceptions.js
221 silly gunzTarPerm extractEntry esm/src/facade/lang.js
222 silly gunzTarPerm extractEntry esm/src/facade/exception_handler.d.ts
223 silly gunzTarPerm extractEntry esm/src/facade/collection.d.ts
224 silly gunzTarPerm extractEntry esm/src/facade/async.js.map
225 silly gunzTarPerm extractEntry esm/src/facade/collection.js.map
226 silly gunzTarPerm extractEntry esm/src/facade/collection.metadata.json
227 silly gunzTarPerm extractEntry esm/src/facade/async.metadata.json
228 silly gunzTarPerm extractEntry esm/src/facade/base_wrapped_exception.d.ts
229 silly gunzTarPerm extractEntry esm/src/facade/exception_handler.js.map
230 silly gunzTarPerm extractEntry esm/src/facade/exceptions.d.ts
231 silly gunzTarPerm extractEntry esm/src/facade/async.d.ts
232 silly gunzTarPerm extractEntry esm/src/facade/exceptions.js.map
233 silly gunzTarPerm extractEntry esm/src/facade/exceptions.metadata.json
234 silly gunzTarPerm extractEntry esm/src/facade/lang.d.ts
235 silly gunzTarPerm extractEntry esm/src/facade/base_wrapped_exception.js.map
236 silly gunzTarPerm extractEntry esm/src/facade/lang.js.map
237 silly gunzTarPerm extractEntry esm/src/facade/lang.metadata.json
238 silly gunzTarPerm extractEntry esm/src/model.js.map
239 silly gunzTarPerm extractEntry esm/src/model.metadata.json
240 silly gunzTarPerm extractEntry esm/src/validators.d.ts
241 silly gunzTarPerm extractEntry esm/src/form_builder.d.ts
242 silly gunzTarPerm extractEntry esm/src/validators.js.map
243 silly gunzTarPerm extractEntry esm/src/validators.metadata.json
244 silly gunzTarPerm extractEntry index.d.ts
245 silly gunzTarPerm extractEntry index.js.map
246 silly gunzTarPerm extractEntry index.metadata.json
247 silly gunzTarPerm extractEntry src/directives.js
248 silly gunzTarPerm extractEntry src/form_builder.js
249 silly gunzTarPerm extractEntry src/form_providers.js
250 silly gunzTarPerm extractEntry src/forms.js
251 silly gunzTarPerm extractEntry src/model.js
252 silly gunzTarPerm extractEntry src/validators.js
253 silly gunzTarPerm extractEntry src/form_providers.metadata.json
254 silly gunzTarPerm extractEntry src/directives/ng_model.js
255 silly gunzTarPerm extractEntry src/directives/form_interface.js
256 silly gunzTarPerm extractEntry src/directives/ng_control.js
257 silly gunzTarPerm extractEntry src/directives/ng_control_status.js
258 silly gunzTarPerm extractEntry src/directives/ng_form.js
259 silly gunzTarPerm extractEntry src/directives/error_examples.js
260 silly gunzTarPerm extractEntry src/directives/ng_model_group.js
261 silly gunzTarPerm extractEntry src/directives/normalize_validator.js
262 silly gunzTarPerm extractEntry src/directives/number_value_accessor.js
263 silly gunzTarPerm extractEntry src/directives/radio_control_value_accessor.js
264 silly gunzTarPerm extractEntry src/directives/reactive_errors.js
265 silly gunzTarPerm extractEntry src/directives/default_value_accessor.js
266 silly gunzTarPerm extractEntry src/directives/select_control_value_accessor.js
267 silly gunzTarPerm extractEntry src/directives/control_value_accessor.js
268 silly gunzTarPerm extractEntry src/directives/select_multiple_control_value_accessor.js
269 silly gunzTarPerm extractEntry src/directives/control_container.js
270 silly gunzTarPerm extractEntry src/directives/shared.js
271 silly gunzTarPerm extractEntry src/directives/checkbox_value_accessor.js
272 silly gunzTarPerm extractEntry src/directives/template_driven_errors.js
273 silly gunzTarPerm extractEntry src/directives/abstract_form_group_directive.js
274 silly gunzTarPerm extractEntry src/directives/validators.js
275 silly gunzTarPerm extractEntry src/directives/abstract_control_directive.js
276 silly gunzTarPerm extractEntry src/directives/checkbox_value_accessor.d.ts
277 silly gunzTarPerm extractEntry src/directives/error_examples.js.map
278 silly gunzTarPerm extractEntry src/directives/error_examples.metadata.json
279 silly gunzTarPerm extractEntry src/directives/form_interface.d.ts
280 silly gunzTarPerm extractEntry src/directives/abstract_control_directive.js.map
281 silly gunzTarPerm extractEntry src/directives/form_interface.js.map
282 silly gunzTarPerm extractEntry src/directives/ng_control.d.ts
283 silly gunzTarPerm extractEntry src/directives/checkbox_value_accessor.js.map
284 silly gunzTarPerm extractEntry src/directives/ng_control.js.map
285 silly gunzTarPerm extractEntry src/directives/ng_control_status.d.ts
286 silly gunzTarPerm extractEntry src/directives/checkbox_value_accessor.metadata.json
287 silly gunzTarPerm extractEntry src/directives/ng_control_status.js.map
288 silly gunzTarPerm extractEntry src/directives/ng_control_status.metadata.json
289 silly gunzTarPerm extractEntry src/directives/ng_form.d.ts
290 silly gunzTarPerm extractEntry src/directives/control_container.d.ts
291 silly gunzTarPerm extractEntry src/directives/ng_form.js.map
292 silly gunzTarPerm extractEntry src/directives/ng_form.metadata.json
293 silly gunzTarPerm extractEntry src/directives/ng_model.d.ts
294 silly gunzTarPerm extractEntry src/directives/abstract_form_group_directive.d.ts
295 silly gunzTarPerm extractEntry src/directives/ng_model.js.map
296 silly gunzTarPerm extractEntry src/directives/ng_model.metadata.json
297 silly gunzTarPerm extractEntry src/directives/ng_model_group.d.ts
298 silly gunzTarPerm extractEntry src/directives/control_container.js.map
299 silly gunzTarPerm extractEntry src/directives/ng_model_group.js.map
300 silly gunzTarPerm extractEntry src/directives/ng_model_group.metadata.json
301 silly gunzTarPerm extractEntry src/directives/normalize_validator.d.ts
302 silly gunzTarPerm extractEntry src/directives/control_value_accessor.d.ts
303 silly gunzTarPerm extractEntry src/directives/normalize_validator.js.map
304 silly gunzTarPerm extractEntry src/directives/number_value_accessor.d.ts
305 silly gunzTarPerm extractEntry src/directives/abstract_control_directive.d.ts
306 silly gunzTarPerm extractEntry src/directives/number_value_accessor.js.map
307 silly gunzTarPerm extractEntry src/directives/number_value_accessor.metadata.json
308 silly gunzTarPerm extractEntry src/directives/radio_control_value_accessor.d.ts
309 silly gunzTarPerm extractEntry src/directives/control_value_accessor.js.map
310 silly gunzTarPerm extractEntry src/directives/radio_control_value_accessor.js.map
311 silly gunzTarPerm extractEntry src/directives/radio_control_value_accessor.metadata.json
312 silly gunzTarPerm extractEntry src/directives/reactive_directives/form_control_name.js
313 silly gunzTarPerm extractEntry src/directives/reactive_directives/form_control_directive.js
314 silly gunzTarPerm extractEntry src/directives/reactive_directives/form_group_directive.js
315 silly gunzTarPerm extractEntry src/directives/reactive_directives/form_group_name.js
316 silly gunzTarPerm extractEntry src/directives/reactive_directives/form_group_directive.d.ts
317 silly gunzTarPerm extractEntry src/directives/reactive_directives/form_control_directive.d.ts
318 silly gunzTarPerm extractEntry src/directives/reactive_directives/form_control_name.js.map
319 silly gunzTarPerm extractEntry src/directives/reactive_directives/form_control_name.metadata.json
320 silly gunzTarPerm extractEntry src/directives/reactive_directives/form_control_directive.js.map
321 silly gunzTarPerm extractEntry src/directives/reactive_directives/form_control_directive.metadata.json
322 silly gunzTarPerm extractEntry src/directives/reactive_directives/form_group_directive.js.map
323 silly gunzTarPerm extractEntry src/directives/reactive_directives/form_group_directive.metadata.json
324 silly gunzTarPerm extractEntry src/directives/reactive_directives/form_group_name.d.ts
325 silly gunzTarPerm extractEntry src/directives/reactive_directives/form_control_name.d.ts
326 silly gunzTarPerm extractEntry src/directives/reactive_directives/form_group_name.js.map
327 silly gunzTarPerm extractEntry src/directives/reactive_directives/form_group_name.metadata.json
328 silly gunzTarPerm extractEntry src/directives/reactive_errors.d.ts
329 silly gunzTarPerm extractEntry src/directives/control_value_accessor.metadata.json
330 silly gunzTarPerm extractEntry src/directives/reactive_errors.js.map
331 silly gunzTarPerm extractEntry src/directives/select_control_value_accessor.d.ts
332 silly gunzTarPerm extractEntry src/directives/default_value_accessor.d.ts
333 silly gunzTarPerm extractEntry src/directives/select_control_value_accessor.js.map
334 silly gunzTarPerm extractEntry src/directives/select_control_value_accessor.metadata.json
335 silly gunzTarPerm extractEntry src/directives/select_multiple_control_value_accessor.d.ts
336 silly gunzTarPerm extractEntry src/directives/abstract_form_group_directive.js.map
337 silly gunzTarPerm extractEntry src/directives/select_multiple_control_value_accessor.js.map
338 silly gunzTarPerm extractEntry src/directives/select_multiple_control_value_accessor.metadata.json
339 silly gunzTarPerm extractEntry src/directives/shared.d.ts
340 silly gunzTarPerm extractEntry src/directives/default_value_accessor.js.map
341 silly gunzTarPerm extractEntry src/directives/shared.js.map
342 silly gunzTarPerm extractEntry src/directives/shared.metadata.json
343 silly gunzTarPerm extractEntry src/directives/template_driven_errors.d.ts
344 silly gunzTarPerm extractEntry src/directives/default_value_accessor.metadata.json
345 silly gunzTarPerm extractEntry src/directives/template_driven_errors.js.map
346 silly gunzTarPerm extractEntry src/directives/validators.d.ts
347 silly gunzTarPerm extractEntry src/directives/error_examples.d.ts
348 silly gunzTarPerm extractEntry src/directives/validators.js.map
349 silly gunzTarPerm extractEntry src/directives/validators.metadata.json
350 silly gunzTarPerm extractEntry src/form_builder.js.map
351 silly gunzTarPerm extractEntry src/form_builder.metadata.json
352 silly gunzTarPerm extractEntry src/form_providers.d.ts
353 silly gunzTarPerm extractEntry src/directives.js.map
354 silly gunzTarPerm extractEntry src/form_providers.js.map
355 silly gunzTarPerm extractEntry src/directives.d.ts
356 silly gunzTarPerm extractEntry src/forms.d.ts
357 silly gunzTarPerm extractEntry src/directives.metadata.json
358 silly gunzTarPerm extractEntry src/forms.js.map
359 silly gunzTarPerm extractEntry src/forms.metadata.json
360 silly gunzTarPerm extractEntry src/model.d.ts
361 silly gunzTarPerm extractEntry src/facade/base_wrapped_exception.js
362 silly gunzTarPerm extractEntry src/facade/collection.js
363 silly gunzTarPerm extractEntry src/facade/async.js
364 silly gunzTarPerm extractEntry src/facade/exception_handler.js
365 silly gunzTarPerm extractEntry src/facade/exceptions.js
366 silly gunzTarPerm extractEntry src/facade/lang.js
367 silly gunzTarPerm extractEntry src/facade/exception_handler.d.ts
368 silly gunzTarPerm extractEntry src/facade/collection.d.ts
369 silly gunzTarPerm extractEntry src/facade/async.js.map
370 silly gunzTarPerm extractEntry src/facade/collection.js.map
371 silly gunzTarPerm extractEntry src/facade/collection.metadata.json
372 silly gunzTarPerm extractEntry src/facade/async.metadata.json
373 silly gunzTarPerm extractEntry src/facade/base_wrapped_exception.d.ts
374 silly gunzTarPerm extractEntry src/facade/exception_handler.js.map
375 silly gunzTarPerm extractEntry src/facade/exceptions.d.ts
376 silly gunzTarPerm extractEntry src/facade/async.d.ts
377 silly gunzTarPerm extractEntry src/facade/exceptions.js.map
378 silly gunzTarPerm extractEntry src/facade/exceptions.metadata.json
379 silly gunzTarPerm extractEntry src/facade/lang.d.ts
380 silly gunzTarPerm extractEntry src/facade/base_wrapped_exception.js.map
381 silly gunzTarPerm extractEntry src/facade/lang.js.map
382 silly gunzTarPerm extractEntry src/facade/lang.metadata.json
383 silly gunzTarPerm extractEntry src/model.js.map
384 silly gunzTarPerm extractEntry src/model.metadata.json
385 silly gunzTarPerm extractEntry src/validators.d.ts
386 silly gunzTarPerm extractEntry src/form_builder.d.ts
387 silly gunzTarPerm extractEntry src/validators.js.map
388 silly gunzTarPerm extractEntry src/validators.metadata.json
389 verbose write writing to /Users/reactivestudio/Downloads/taxi/node_modules/@angular/forms/package.json
390 info preinstall @angular/forms@0.3.0
391 verbose readDependencies loading dependencies from /Users/reactivestudio/Downloads/taxi/node_modules/@angular/forms/package.json
392 silly prepareForInstallMany adding @angular/core@^2.0.0-rc.5 from @angular/forms peerDependencies
393 silly prepareForInstallMany adding @angular/common@^2.0.0-rc.5 from @angular/forms peerDependencies
394 silly prepareForInstallMany adding @angular/compiler@^2.0.0-rc.5 from @angular/forms peerDependencies
395 warn peerDependencies The peer dependency @angular/core@^2.0.0-rc.5 included from @angular/forms will no
396 warn peerDependencies longer be automatically installed to fulfill the peerDependency
397 warn peerDependencies in npm 3+. Your application will need to depend on it explicitly.
398 warn peerDependencies The peer dependency @angular/common@^2.0.0-rc.5 included from @angular/forms will no
399 warn peerDependencies longer be automatically installed to fulfill the peerDependency
400 warn peerDependencies in npm 3+. Your application will need to depend on it explicitly.
401 warn peerDependencies The peer dependency @angular/compiler@^2.0.0-rc.5 included from @angular/forms will no
402 warn peerDependencies longer be automatically installed to fulfill the peerDependency
403 warn peerDependencies in npm 3+. Your application will need to depend on it explicitly.
404 verbose readDependencies loading dependencies from /Users/reactivestudio/Downloads/taxi/node_modules/@angular/forms/package.json
405 silly install resolved []
406 verbose about to build /Users/reactivestudio/Downloads/taxi/node_modules/@angular/forms
407 info build /Users/reactivestudio/Downloads/taxi/node_modules/@angular/forms
408 info linkStuff @angular/forms@0.3.0
409 silly linkStuff @angular/forms@0.3.0 has /Users/reactivestudio/Downloads/taxi/node_modules as its parent node_modules
410 verbose linkBins @angular/forms@0.3.0
411 verbose linkMans @angular/forms@0.3.0
412 verbose rebuildBundles @angular/forms@0.3.0
413 info install @angular/forms@0.3.0
414 info postinstall @angular/forms@0.3.0
415 verbose readDependencies loading dependencies from /Users/reactivestudio/Downloads/taxi/package.json
416 verbose targetResolver reading package data from /Users/reactivestudio/Downloads/taxi/node_modules/angular-form/package.json
417 verbose targetResolver reading package data from /Users/reactivestudio/Downloads/taxi/node_modules/del/package.json
418 verbose targetResolver reading package data from /Users/reactivestudio/Downloads/taxi/node_modules/es6-shim/package.json
419 verbose targetResolver reading package data from /Users/reactivestudio/Downloads/taxi/node_modules/gulp/package.json
420 verbose targetResolver reading package data from /Users/reactivestudio/Downloads/taxi/node_modules/gulp-watch/package.json
421 verbose targetResolver reading package data from /Users/reactivestudio/Downloads/taxi/node_modules/ionic-angular/package.json
422 verbose targetResolver reading package data from /Users/reactivestudio/Downloads/taxi/node_modules/ionic-gulp-browserify-typescript/package.json
423 verbose targetResolver reading package data from /Users/reactivestudio/Downloads/taxi/node_modules/ionic-gulp-fonts-copy/package.json
424 verbose targetResolver reading package data from /Users/reactivestudio/Downloads/taxi/node_modules/ionic-gulp-html-copy/package.json
425 verbose targetResolver reading package data from /Users/reactivestudio/Downloads/taxi/node_modules/ionic-gulp-sass-build/package.json
426 verbose targetResolver reading package data from /Users/reactivestudio/Downloads/taxi/node_modules/ionic-gulp-scripts-copy/package.json
427 verbose targetResolver reading package data from /Users/reactivestudio/Downloads/taxi/node_modules/ionic-gulp-tslint/package.json
428 verbose targetResolver reading package data from /Users/reactivestudio/Downloads/taxi/node_modules/ionic-native/package.json
429 verbose targetResolver reading package data from /Users/reactivestudio/Downloads/taxi/node_modules/ionicons/package.json
430 verbose targetResolver reading package data from /Users/reactivestudio/Downloads/taxi/node_modules/leaflet/package.json
431 verbose targetResolver reading package data from /Users/reactivestudio/Downloads/taxi/node_modules/lodash/package.json
432 verbose targetResolver reading package data from /Users/reactivestudio/Downloads/taxi/node_modules/moment/package.json
433 verbose targetResolver reading package data from /Users/reactivestudio/Downloads/taxi/node_modules/ng2-select/package.json
434 verbose targetResolver reading package data from /Users/reactivestudio/Downloads/taxi/node_modules/polyline/package.json
435 verbose targetResolver reading package data from /Users/reactivestudio/Downloads/taxi/node_modules/reflect-metadata/package.json
436 verbose targetResolver reading package data from /Users/reactivestudio/Downloads/taxi/node_modules/run-sequence/package.json
437 verbose targetResolver reading package data from /Users/reactivestudio/Downloads/taxi/node_modules/rxjs/package.json
438 verbose targetResolver reading package data from /Users/reactivestudio/Downloads/taxi/node_modules/tslint-ionic-rules/package.json
439 verbose targetResolver reading package data from /Users/reactivestudio/Downloads/taxi/node_modules/underscore/package.json
440 verbose targetResolver reading package data from /Users/reactivestudio/Downloads/taxi/node_modules/zone.js/package.json
441 verbose targetResolver reading package data from /Users/reactivestudio/Downloads/taxi/node_modules/@angular/common/package.json
442 verbose targetResolver reading package data from /Users/reactivestudio/Downloads/taxi/node_modules/@angular/compiler/package.json
443 verbose targetResolver reading package data from /Users/reactivestudio/Downloads/taxi/node_modules/@angular/core/package.json
444 verbose targetResolver reading package data from /Users/reactivestudio/Downloads/taxi/node_modules/@angular/forms/package.json
445 verbose targetResolver reading package data from /Users/reactivestudio/Downloads/taxi/node_modules/@angular/http/package.json
446 verbose targetResolver reading package data from /Users/reactivestudio/Downloads/taxi/node_modules/@angular/platform-browser/package.json
447 verbose targetResolver reading package data from /Users/reactivestudio/Downloads/taxi/node_modules/@angular/platform-browser-dynamic/package.json
448 verbose targetResolver reading package data from /Users/reactivestudio/Downloads/taxi/node_modules/.bin/gulp/package.json
449 verbose already installed skipping @angular/core@^2.0.0-rc.5 /Users/reactivestudio/Downloads/taxi
450 verbose already installed skipping @angular/common@^2.0.0-rc.5 /Users/reactivestudio/Downloads/taxi
451 verbose already installed skipping @angular/compiler@^2.0.0-rc.5 /Users/reactivestudio/Downloads/taxi
452 silly install resolved []
453 verbose unlock done using /Users/reactivestudio/.npm/_locks/angular-forms-ff509615af0e8d43.lock for /Users/reactivestudio/Downloads/taxi/node_modules/@angular/forms
454 verbose validateInstall loading /Users/reactivestudio/Downloads/taxi/package.json for validation
455 verbose stack Error: The package @angular/common@2.0.0-rc.4 does not satisfy its siblings' peerDependencies requirements!
455 verbose stack     at /usr/local/lib/node_modules/npm/lib/install.js:125:32
455 verbose stack     at /usr/local/lib/node_modules/npm/lib/install.js:268:7
455 verbose stack     at /usr/local/lib/node_modules/npm/node_modules/read-installed/read-installed.js:142:5
455 verbose stack     at /usr/local/lib/node_modules/npm/node_modules/read-installed/read-installed.js:263:14
455 verbose stack     at cb (/usr/local/lib/node_modules/npm/node_modules/slide/lib/async-map.js:47:24)
455 verbose stack     at /usr/local/lib/node_modules/npm/node_modules/read-installed/read-installed.js:263:14
455 verbose stack     at cb (/usr/local/lib/node_modules/npm/node_modules/slide/lib/async-map.js:47:24)
455 verbose stack     at /usr/local/lib/node_modules/npm/node_modules/read-installed/read-installed.js:263:14
455 verbose stack     at cb (/usr/local/lib/node_modules/npm/node_modules/slide/lib/async-map.js:47:24)
455 verbose stack     at /usr/local/lib/node_modules/npm/node_modules/read-installed/read-installed.js:263:14
456 verbose cwd /Users/reactivestudio/Downloads/taxi
457 error Darwin 15.5.0
458 error argv "/usr/local/bin/node" "/usr/local/bin/npm" "i" "@angular/forms" "--save"
459 error node v4.1.2
460 error npm  v2.14.4
461 error code EPEERINVALID
462 error peerinvalid The package @angular/common@2.0.0-rc.4 does not satisfy its siblings' peerDependencies requirements!
462 error peerinvalid Peer @angular/platform-browser@2.0.0-rc.4 wants @angular/common@^2.0.0-rc.4
462 error peerinvalid Peer @angular/platform-browser-dynamic@2.0.0-rc.4 wants @angular/common@^2.0.0-rc.4
462 error peerinvalid Peer ionic-angular@2.0.0-beta.11 wants @angular/common@2.0.0-rc.4
462 error peerinvalid Peer ng2-select@1.0.3 wants @angular/common@^2.0.0-rc.1
462 error peerinvalid Peer @angular/forms@0.3.0 wants @angular/common@^2.0.0-rc.5
463 verbose exit [ 1, true ]
